2025-03-15 08:00:01.123 [INFO] [ApplicationMain] Application starting up v2.4.1
2025-03-15 08:00:02.456 [INFO] [DatabasePool] Initializing connection pool: min=5, max=20
2025-03-15 08:00:03.789 [INFO] [DatabasePool] Connection pool ready. Active: 5, Idle: 5
2025-03-15 08:00:04.012 [INFO] [CacheManager] Redis cache connected at redis://cache-01:6379
2025-03-15 08:00:05.234 [INFO] [HttpServer] Server listening on 0.0.0.0:8080
2025-03-15 08:01:00.100 [INFO] [OrderService] Processing order #ORD-2025-78001
2025-03-15 08:01:00.523 [WARN] [PaymentGateway] Slow response from payment provider: 2341ms
2025-03-15 08:01:01.234 [INFO] [OrderService] Order #ORD-2025-78001 completed
2025-03-15 08:02:00.100 [INFO] [OrderService] Processing order #ORD-2025-78002
2025-03-15 08:02:00.345 [ERROR] [PaymentGateway] Payment failed: Card declined (code: INSUFFICIENT_FUNDS)
2025-03-15 08:02:00.346 [WARN] [OrderService] Order #ORD-2025-78002 payment failed, notifying customer
2025-03-15 08:03:00.100 [INFO] [BatchProcessor] Starting scheduled batch: inventory-sync
2025-03-15 08:03:15.678 [WARN] [BatchProcessor] Inventory sync: 12 items with quantity mismatch
2025-03-15 08:03:16.234 [INFO] [BatchProcessor] Batch inventory-sync completed in 16.1s
2025-03-15 08:04:00.050 [ERROR] [DatabasePool] Connection #7 lost: Connection reset by peer
2025-03-15 08:04:00.051 [WARN] [DatabasePool] Reconnecting lost connection #7
2025-03-15 08:04:00.523 [INFO] [DatabasePool] Connection #7 re-established
2025-03-15 08:05:00.100 [INFO] [OrderService] Processing order #ORD-2025-78003
2025-03-15 08:05:05.234 [ERROR] [InventoryService] Stock check failed: timeout after 5000ms
2025-03-15 08:05:05.235 [ERROR] [OrderService] Cannot process order #ORD-2025-78003: inventory unavailable
2025-03-15 08:05:05.236 [WARN] [AlertManager] Alert triggered: INVENTORY_SERVICE_TIMEOUT
2025-03-15 08:06:00.100 [INFO] [ScheduledTask] Running cleanup: expired sessions
2025-03-15 08:06:02.345 [INFO] [ScheduledTask] Cleaned 342 expired sessions
2025-03-15 08:07:00.100 [ERROR] [CacheManager] Redis connection lost: ECONNREFUSED
2025-03-15 08:07:00.101 [ERROR] [CacheManager] Fallback to local cache activated
2025-03-15 08:07:00.102 [WARN] [AlertManager] Alert triggered: REDIS_CONNECTION_LOST
2025-03-15 08:07:30.500 [INFO] [CacheManager] Redis connection restored
2025-03-15 08:07:30.501 [INFO] [CacheManager] Syncing local cache back to Redis
2025-03-15 08:08:00.100 [INFO] [OrderService] Processing order #ORD-2025-78004
2025-03-15 08:08:00.234 [INFO] [OrderService] Order #ORD-2025-78004 completed
2025-03-15 08:09:00.050 [ERROR] [HttpServer] Request timeout: GET /api/reports/monthly (client: 10.0.1.50)
2025-03-15 08:09:00.051 [ERROR] [ReportService] Monthly report generation OOM: allocated 1.8GB exceeds 1.5GB limit
2025-03-15 08:09:00.052 [FATAL] [ReportService] Service crash: OutOfMemoryError
2025-03-15 08:09:00.053 [WARN] [ProcessManager] Restarting ReportService (attempt 1/3)
2025-03-15 08:09:05.234 [INFO] [ReportService] Service restarted successfully
2025-03-15 08:10:00.100 [INFO] [HealthCheck] All services healthy. Uptime: 2h 0m
2025-03-15 08:11:00.100 [INFO] [OrderService] Processing order #ORD-2025-78005
2025-03-15 08:11:00.234 [INFO] [OrderService] Order #ORD-2025-78005 completed
2025-03-15 08:12:00.100 [ERROR] [SecurityFilter] Blocked suspicious request: SQL injection attempt from 203.0.113.99
2025-03-15 08:12:00.101 [WARN] [SecurityFilter] IP 203.0.113.99 added to temporary block list (30min)
2025-03-15 08:13:00.100 [INFO] [BatchProcessor] Starting scheduled batch: order-reconciliation
2025-03-15 08:13:45.678 [ERROR] [BatchProcessor] Reconciliation failed: 3 orders with amount mismatch
2025-03-15 08:13:45.679 [ERROR] [BatchProcessor] Mismatched orders: ORD-2025-77998, ORD-2025-78000, ORD-2025-78001
2025-03-15 08:13:45.680 [WARN] [AlertManager] Alert triggered: ORDER_RECONCILIATION_FAILURE
2025-03-15 08:14:00.100 [INFO] [OrderService] Processing order #ORD-2025-78006
2025-03-15 08:14:02.345 [WARN] [PaymentGateway] Slow response from payment provider: 3102ms
2025-03-15 08:14:03.456 [INFO] [OrderService] Order #ORD-2025-78006 completed
2025-03-15 08:15:00.100 [INFO] [HealthCheck] All services healthy. Uptime: 2h 15m
